{"ep":"lead","time":"24.12 15:29:02","track_id":"108650193.1577201338","status":0,"referrer":"http:\/\/revitaprost-potency.fair-sale.com\/ro\/1\/desktop.php?track_url=URL-DB1AE-BC33A&fbpixel=123123123123","user_phone":"89218921","user_name":"test","other":""}
{"ep":"lead","time":"24.12 15:32:47","track_id":"108649565.1577201059","status":0,"referrer":"http:\/\/revitaprost-potency.fair-sale.com\/ro\/1\/mobile.php?track_url=URL-DB1AE-BC33A","user_phone":"3812312","user_name":"test","other":""}
{"ep":"lead","time":"25.12 09:53:39","track_id":"108731087.1577267615","status":0,"referrer":"http:\/\/revitaprost-potency.fair-sale.com\/ro\/1\/desktop.php?track_url=URL-DB1AE-BC33A&fbpixel=123123123123","user_phone":"20332033","user_name":"test","other":""}
{"ep":"lead","time":"24.01 07:46:59","track_id":"113818093.1579851915","status":0,"referrer":"http:\/\/revitaprost-potency.fair-sale.com\/ro\/1\/mobile.php?track_id=113818093.1579851915&fbpixel=2567297023360026","user_phone":"0737433017","user_name":"Nelu ciolomic","other":""}
{"ep":"lead","time":"24.01 08:23:56","track_id":"113824273.1579854184","status":0,"referrer":"http:\/\/revitaprost-potency.fair-sale.com\/ro\/1\/mobile.php?track_id=113824273.1579854184&fbpixel=2567297023360026","user_phone":"0757670652 ","user_name":"Gherasim Florin ","other":""}
{"ep":"lead","time":"24.01 08:43:04","track_id":"113827175.1579855285","status":0,"referrer":"http:\/\/revitaprost-potency.fair-sale.com\/ro\/1\/mobile.php?track_id=113827175.1579855285&fbpixel=2567297023360026","user_phone":"0761702240","user_name":"Stefanenco Gheorghe","other":""}
{"ep":"lead","time":"24.01 08:45:28","track_id":"113827285.1579855327","status":0,"referrer":"http:\/\/revitaprost-potency.fair-sale.com\/ro\/1\/mobile.php?track_id=113827285.1579855327&fbpixel=2567297023360026","user_phone":"+40749360833","user_name":"Rusu Marin","other":""}
{"ep":"lead","time":"24.01 08:49:03","track_id":"113828083.1579855636","status":0,"referrer":"http:\/\/revitaprost-potency.fair-sale.com\/ro\/1\/mobile.php?track_id=113828083.1579855636&fbpixel=2567297023360026","user_phone":"0745797976","user_name":"Pascal ovidiu","other":""}
{"ep":"lead","time":"21.02 16:26:17","track_id":"118218065.1582302328","status":0,"referrer":"http:\/\/revitaprost-potency.fair-sale.com\/ro\/1\/mobile.php?track_url=URL-D998E-A7362","user_phone":"0766361136","user_name":"Bibescu mielle","other":""}
{"ep":"lead","time":"28.02 16:51:35","track_id":"119204303.1582908548","status":0,"referrer":"http:\/\/revitaprost-potency.fair-sale.com\/ro\/1\/mobile.php?track_id=119204303.1582908548","user_phone":"0768700997","user_name":"fierascu  doru","other":""}
{"ep":"lead","time":"29.02 06:43:09","track_id":"119284085.1582958521","status":0,"referrer":"http:\/\/revitaprost-potency.fair-sale.com\/ro\/1\/mobile.php?track_id=119284085.1582958521","user_phone":"0724523360","user_name":"artimon botan","other":""}
{"ep":"lead","time":"05.03 05:14:18","track_id":"120026115.1583384847","status":0,"referrer":"http:\/\/revitaprost-potency.fair-sale.com\/ro\/1\/mobile.php?track_id=120026115.1583384847","user_phone":"0759563991","user_name":"ROSTAS ADRIAN","other":""}
{"ep":"lead","time":"05.03 07:53:17","track_id":"120040752.1583394769","status":0,"referrer":"http:\/\/revitaprost-potency.fair-sale.com\/ro\/1\/mobile.php?track_url=URL-D998E-A7362","user_phone":"+40740563962","user_name":"Zile Loredana","other":""}
{"ep":"lead","time":"10.03 13:21:36","track_id":"120672987.1583846264","status":0,"referrer":"http:\/\/revitaprost-potency.fair-sale.com\/ro\/1\/desktop.php?track_id=120672987.1583846264","user_phone":"0743806054","user_name":"nicolae stoica","other":""}
{"ep":"lead","time":"15.03 13:45:22","track_id":"121377279.1584279759","status":0,"referrer":"http:\/\/revitaprost-potency.fair-sale.com\/ro\/1\/mobile.php?track_id=121377279.1584279759&fbpixel=2682817245330828","user_phone":"0755285601","user_name":"Botosaneanu ilie","other":""}
{"ep":"lead","time":"15.03 15:26:37","track_id":"121391967.1584285784","status":0,"referrer":"http:\/\/revitaprost-potency.fair-sale.com\/ro\/1\/mobile.php?track_id=121391967.1584285784&fbpixel=2682817245330828","user_phone":"0758422422","user_name":"P\u0103un Nicolae","other":""}
{"ep":"lead","time":"15.03 15:58:20","track_id":"121395916.1584287615","status":0,"referrer":"http:\/\/revitaprost-potency.fair-sale.com\/ro\/1\/mobile.php?track_id=121395916.1584287615&fbpixel=2682817245330828","user_phone":"0040741373978","user_name":"Cordos aurel","other":""}
{"ep":"lead","time":"18.03 21:44:36","track_id":"121914884.1584567746","status":0,"referrer":"http:\/\/revitaprost-potency.fair-sale.com\/ro\/1\/mobile.php?track_url=URL-D998E-A7362","user_phone":"0761144264","user_name":"vasilecscu marian","other":""}
{"ep":"lead","time":"18.03 22:03:32","track_id":"121918719.1584568924","status":0,"referrer":"http:\/\/revitaprost-potency.fair-sale.com\/ro\/1\/mobile.php?track_url=URL-D998E-A7362","user_phone":"0761144264","user_name":"vasilescu marian","other":""}
{"ep":"lead","time":"19.03 09:35:08","track_id":"121973185.1584610079","status":0,"referrer":"http:\/\/revitaprost-potency.fair-sale.com\/ro\/1\/desktop.php?track_id=121973185.1584610079","user_phone":"+40744535585","user_name":"Tudor Gabriel Sendroiu","other":""}
{"ep":"lead","time":"03.04 21:11:29","track_id":"124834213.1585948173","status":0,"referrer":"http:\/\/revitaprost-potency.fair-sale.com\/ro\/1\/mobile.php?track_id=124834213.1585948173&fbpixel=2441961642782961","user_phone":"0727413963","user_name":"Ardelean Ioan","other":""}
{"ep":"lead","time":"10.04 12:46:56","track_id":"125957734.1586522634","status":0,"referrer":"http:\/\/revitaprost-potency.fair-sale.com\/ro\/1\/desktop.php?track_id=125957734.1586522634&fbpixel=666603557463140","user_phone":"0740870551","user_name":"Florin Todeascu","other":""}
{"ep":"lead","time":"13.04 13:28:42","track_id":"127015865.1586783783","status":0,"referrer":"http:\/\/revitaprost-potency.fair-sale.com\/ro\/1\/mobile.php?track_id=127015865.1586783783&fbpixel=3064846223555060","user_phone":"0787263117","user_name":"Sandu coca","other":""}
{"ep":"lead","time":"13.04 16:51:28","track_id":"127089545.1586796420","status":0,"referrer":"http:\/\/revitaprost-potency.fair-sale.com\/ro\/1\/mobile.php?track_id=127089545.1586796420&fbpixel=3064846223555060","user_phone":"0771619099","user_name":"Tiberiu Bogosi","other":""}
{"ep":"lead","time":"13.04 17:07:45","track_id":"127093129.1586797433","status":0,"referrer":"http:\/\/revitaprost-potency.fair-sale.com\/ro\/1\/mobile.php?track_id=127093129.1586797433&fbpixel=257656265397566","user_phone":"0727375126","user_name":"Mihai Costantin","other":""}
{"ep":"lead","time":"14.04 01:50:38","track_id":"127156864.1586828860","status":0,"referrer":"http:\/\/revitaprost-potency.fair-sale.com\/ro\/1\/mobile.php?track_id=127156864.1586828860&fbpixel=3064846223555060","user_phone":"0751770546","user_name":"oita constantin","other":""}
{"ep":"lead","time":"14.04 08:25:24","track_id":"127182930.1586852599","status":0,"referrer":"http:\/\/revitaprost-potency.fair-sale.com\/ro\/1\/mobile.php?track_id=127182930.1586852599&fbpixel=257656265397566","user_phone":"0743681326","user_name":"V\u0103caru Gheorghe ","other":""}
{"ep":"lead","time":"06.05 11:48:19","track_id":"139548199.1588765675","status":0,"referrer":"http:\/\/revitaprost-potency.fair-sale.com\/ro\/1\/mobile.php?track_id=139548199.1588765675","user_phone":"+0729871769","user_name":"Visovan petre","other":""}
